<?xml version="1.0" encoding="UTF-8"?>
<testsuite xmlns:xsi="http://www.w3.org/2001/XMLSchema-instance" xsi:noNamespaceSchemaLocation="https://maven.apache.org/surefire/maven-surefire-plugin/xsd/surefire-test-report.xsd" name="TestSuite" time="39.907" tests="31" errors="0" skipped="0" failures="0">
  <properties>
    <property name="java.specification.version" value="15"/>
    <property name="sun.cpu.isalist" value="amd64"/>
    <property name="sun.jnu.encoding" value="Cp1252"/>
    <property name="java.class.path" value="D:\Salai Mathiazhagan\CTS\Workspace\DisplayBookshelves\target\test-classes;D:\Salai Mathiazhagan\CTS\Workspace\DisplayBookshelves\target\classes;C:\Users\KALAI\.m2\repository\org\seleniumhq\selenium\selenium-java\3.141.59\selenium-java-3.141.59.jar;C:\Users\KALAI\.m2\repository\org\seleniumhq\selenium\selenium-api\3.141.59\selenium-api-3.141.59.jar;C:\Users\KALAI\.m2\repository\org\seleniumhq\selenium\selenium-chrome-driver\3.141.59\selenium-chrome-driver-3.141.59.jar;C:\Users\KALAI\.m2\repository\org\seleniumhq\selenium\selenium-edge-driver\3.141.59\selenium-edge-driver-3.141.59.jar;C:\Users\KALAI\.m2\repository\org\seleniumhq\selenium\selenium-firefox-driver\3.141.59\selenium-firefox-driver-3.141.59.jar;C:\Users\KALAI\.m2\repository\org\seleniumhq\selenium\selenium-ie-driver\3.141.59\selenium-ie-driver-3.141.59.jar;C:\Users\KALAI\.m2\repository\org\seleniumhq\selenium\selenium-opera-driver\3.141.59\selenium-opera-driver-3.141.59.jar;C:\Users\KALAI\.m2\repository\org\seleniumhq\selenium\selenium-remote-driver\3.141.59\selenium-remote-driver-3.141.59.jar;C:\Users\KALAI\.m2\repository\org\seleniumhq\selenium\selenium-safari-driver\3.141.59\selenium-safari-driver-3.141.59.jar;C:\Users\KALAI\.m2\repository\org\seleniumhq\selenium\selenium-support\3.141.59\selenium-support-3.141.59.jar;C:\Users\KALAI\.m2\repository\net\bytebuddy\byte-buddy\1.8.15\byte-buddy-1.8.15.jar;C:\Users\KALAI\.m2\repository\org\apache\commons\commons-exec\1.3\commons-exec-1.3.jar;C:\Users\KALAI\.m2\repository\com\google\guava\guava\25.0-jre\guava-25.0-jre.jar;C:\Users\KALAI\.m2\repository\com\google\code\findbugs\jsr305\1.3.9\jsr305-1.3.9.jar;C:\Users\KALAI\.m2\repository\org\checkerframework\checker-compat-qual\2.0.0\checker-compat-qual-2.0.0.jar;C:\Users\KALAI\.m2\repository\com\google\errorprone\error_prone_annotations\2.1.3\error_prone_annotations-2.1.3.jar;C:\Users\KALAI\.m2\repository\com\google\j2objc\j2objc-annotations\1.1\j2objc-annotations-1.1.jar;C:\Users\KALAI\.m2\repository\org\codehaus\mojo\animal-sniffer-annotations\1.14\animal-sniffer-annotations-1.14.jar;C:\Users\KALAI\.m2\repository\com\squareup\okhttp3\okhttp\3.11.0\okhttp-3.11.0.jar;C:\Users\KALAI\.m2\repository\com\squareup\okio\okio\1.14.0\okio-1.14.0.jar;C:\Users\KALAI\.m2\repository\com\aventstack\extentreports\3.1.5\extentreports-3.1.5.jar;C:\Users\KALAI\.m2\repository\org\freemarker\freemarker\2.3.23\freemarker-2.3.23.jar;C:\Users\KALAI\.m2\repository\org\mongodb\mongodb-driver\3.3.0\mongodb-driver-3.3.0.jar;C:\Users\KALAI\.m2\repository\org\mongodb\bson\3.3.0\bson-3.3.0.jar;C:\Users\KALAI\.m2\repository\org\mongodb\mongodb-driver-core\3.3.0\mongodb-driver-core-3.3.0.jar;C:\Users\KALAI\.m2\repository\org\apache\httpcomponents\httpclient\4.5.2\httpclient-4.5.2.jar;C:\Users\KALAI\.m2\repository\org\apache\httpcomponents\httpcore\4.4.4\httpcore-4.4.4.jar;C:\Users\KALAI\.m2\repository\commons-logging\commons-logging\1.2\commons-logging-1.2.jar;C:\Users\KALAI\.m2\repository\org\apache\httpcomponents\httpmime\4.5.2\httpmime-4.5.2.jar;C:\Users\KALAI\.m2\repository\org\jsoup\jsoup\1.9.2\jsoup-1.9.2.jar;C:\Users\KALAI\.m2\repository\com\google\code\gson\gson\2.8.0\gson-2.8.0.jar;C:\Users\KALAI\.m2\repository\commons-io\commons-io\2.11.0\commons-io-2.11.0.jar;C:\Users\KALAI\.m2\repository\org\apache\poi\poi\5.2.0\poi-5.2.0.jar;C:\Users\KALAI\.m2\repository\commons-codec\commons-codec\1.15\commons-codec-1.15.jar;C:\Users\KALAI\.m2\repository\org\apache\commons\commons-collections4\4.4\commons-collections4-4.4.jar;C:\Users\KALAI\.m2\repository\org\apache\commons\commons-math3\3.6.1\commons-math3-3.6.1.jar;C:\Users\KALAI\.m2\repository\com\zaxxer\SparseBitSet\1.2\SparseBitSet-1.2.jar;C:\Users\KALAI\.m2\repository\org\apache\logging\log4j\log4j-api\2.17.1\log4j-api-2.17.1.jar;C:\Users\KALAI\.m2\repository\org\apache\poi\poi-ooxml\5.2.0\poi-ooxml-5.2.0.jar;C:\Users\KALAI\.m2\repository\org\apache\poi\poi-ooxml-lite\5.2.0\poi-ooxml-lite-5.2.0.jar;C:\Users\KALAI\.m2\repository\org\apache\xmlbeans\xmlbeans\5.0.3\xmlbeans-5.0.3.jar;C:\Users\KALAI\.m2\repository\org\apache\commons\commons-compress\1.21\commons-compress-1.21.jar;C:\Users\KALAI\.m2\repository\com\github\virtuald\curvesapi\1.06\curvesapi-1.06.jar;C:\Users\KALAI\.m2\repository\com\googlecode\json-simple\json-simple\1.1.1\json-simple-1.1.1.jar;C:\Users\KALAI\.m2\repository\junit\junit\4.10\junit-4.10.jar;C:\Users\KALAI\.m2\repository\org\hamcrest\hamcrest-core\1.1\hamcrest-core-1.1.jar;C:\Users\KALAI\.m2\repository\org\testng\testng\6.14.3\testng-6.14.3.jar;C:\Users\KALAI\.m2\repository\com\beust\jcommander\1.72\jcommander-1.72.jar;C:\Users\KALAI\.m2\repository\org\apache-extras\beanshell\bsh\2.0b6\bsh-2.0b6.jar;C:\Users\KALAI\.m2\repository\com\github\yev\screenshot\0.2\screenshot-0.2.jar;C:\Users\KALAI\.m2\repository\com\github\stephenc\monte\monte-screen-recorder\0.7.7.0\monte-screen-recorder-0.7.7.0.jar;"/>
    <property name="java.vm.vendor" value="Oracle Corporation"/>
    <property name="sun.arch.data.model" value="64"/>
    <property name="user.variant" value=""/>
    <property name="java.vendor.url" value="https://java.oracle.com/"/>
    <property name="user.timezone" value="Asia/Calcutta"/>
    <property name="os.name" value="Windows 10"/>
    <property name="java.vm.specification.version" value="15"/>
    <property name="sun.java.launcher" value="SUN_STANDARD"/>
    <property name="user.country" value="IN"/>
    <property name="sun.boot.library.path" value="C:\Users\KALAI\Downloads\eclipse\plugins\org.eclipse.justj.openjdk.hotspot.jre.full.win32.x86_64_15.0.1.v20201027-0507\jre\bin"/>
    <property name="sun.java.command" value="C:\Users\KALAI\AppData\Local\Temp\surefire10551334669798146575\surefirebooter876912082136027381.jar C:\Users\KALAI\AppData\Local\Temp\surefire10551334669798146575 2022-03-28T19-36-18_240-jvmRun1 surefire14452945993148065585tmp surefire_013221812664730177487tmp"/>
    <property name="jdk.debug" value="release"/>
    <property name="surefire.test.class.path" value="D:\Salai Mathiazhagan\CTS\Workspace\DisplayBookshelves\target\test-classes;D:\Salai Mathiazhagan\CTS\Workspace\DisplayBookshelves\target\classes;C:\Users\KALAI\.m2\repository\org\seleniumhq\selenium\selenium-java\3.141.59\selenium-java-3.141.59.jar;C:\Users\KALAI\.m2\repository\org\seleniumhq\selenium\selenium-api\3.141.59\selenium-api-3.141.59.jar;C:\Users\KALAI\.m2\repository\org\seleniumhq\selenium\selenium-chrome-driver\3.141.59\selenium-chrome-driver-3.141.59.jar;C:\Users\KALAI\.m2\repository\org\seleniumhq\selenium\selenium-edge-driver\3.141.59\selenium-edge-driver-3.141.59.jar;C:\Users\KALAI\.m2\repository\org\seleniumhq\selenium\selenium-firefox-driver\3.141.59\selenium-firefox-driver-3.141.59.jar;C:\Users\KALAI\.m2\repository\org\seleniumhq\selenium\selenium-ie-driver\3.141.59\selenium-ie-driver-3.141.59.jar;C:\Users\KALAI\.m2\repository\org\seleniumhq\selenium\selenium-opera-driver\3.141.59\selenium-opera-driver-3.141.59.jar;C:\Users\KALAI\.m2\repository\org\seleniumhq\selenium\selenium-remote-driver\3.141.59\selenium-remote-driver-3.141.59.jar;C:\Users\KALAI\.m2\repository\org\seleniumhq\selenium\selenium-safari-driver\3.141.59\selenium-safari-driver-3.141.59.jar;C:\Users\KALAI\.m2\repository\org\seleniumhq\selenium\selenium-support\3.141.59\selenium-support-3.141.59.jar;C:\Users\KALAI\.m2\repository\net\bytebuddy\byte-buddy\1.8.15\byte-buddy-1.8.15.jar;C:\Users\KALAI\.m2\repository\org\apache\commons\commons-exec\1.3\commons-exec-1.3.jar;C:\Users\KALAI\.m2\repository\com\google\guava\guava\25.0-jre\guava-25.0-jre.jar;C:\Users\KALAI\.m2\repository\com\google\code\findbugs\jsr305\1.3.9\jsr305-1.3.9.jar;C:\Users\KALAI\.m2\repository\org\checkerframework\checker-compat-qual\2.0.0\checker-compat-qual-2.0.0.jar;C:\Users\KALAI\.m2\repository\com\google\errorprone\error_prone_annotations\2.1.3\error_prone_annotations-2.1.3.jar;C:\Users\KALAI\.m2\repository\com\google\j2objc\j2objc-annotations\1.1\j2objc-annotations-1.1.jar;C:\Users\KALAI\.m2\repository\org\codehaus\mojo\animal-sniffer-annotations\1.14\animal-sniffer-annotations-1.14.jar;C:\Users\KALAI\.m2\repository\com\squareup\okhttp3\okhttp\3.11.0\okhttp-3.11.0.jar;C:\Users\KALAI\.m2\repository\com\squareup\okio\okio\1.14.0\okio-1.14.0.jar;C:\Users\KALAI\.m2\repository\com\aventstack\extentreports\3.1.5\extentreports-3.1.5.jar;C:\Users\KALAI\.m2\repository\org\freemarker\freemarker\2.3.23\freemarker-2.3.23.jar;C:\Users\KALAI\.m2\repository\org\mongodb\mongodb-driver\3.3.0\mongodb-driver-3.3.0.jar;C:\Users\KALAI\.m2\repository\org\mongodb\bson\3.3.0\bson-3.3.0.jar;C:\Users\KALAI\.m2\repository\org\mongodb\mongodb-driver-core\3.3.0\mongodb-driver-core-3.3.0.jar;C:\Users\KALAI\.m2\repository\org\apache\httpcomponents\httpclient\4.5.2\httpclient-4.5.2.jar;C:\Users\KALAI\.m2\repository\org\apache\httpcomponents\httpcore\4.4.4\httpcore-4.4.4.jar;C:\Users\KALAI\.m2\repository\commons-logging\commons-logging\1.2\commons-logging-1.2.jar;C:\Users\KALAI\.m2\repository\org\apache\httpcomponents\httpmime\4.5.2\httpmime-4.5.2.jar;C:\Users\KALAI\.m2\repository\org\jsoup\jsoup\1.9.2\jsoup-1.9.2.jar;C:\Users\KALAI\.m2\repository\com\google\code\gson\gson\2.8.0\gson-2.8.0.jar;C:\Users\KALAI\.m2\repository\commons-io\commons-io\2.11.0\commons-io-2.11.0.jar;C:\Users\KALAI\.m2\repository\org\apache\poi\poi\5.2.0\poi-5.2.0.jar;C:\Users\KALAI\.m2\repository\commons-codec\commons-codec\1.15\commons-codec-1.15.jar;C:\Users\KALAI\.m2\repository\org\apache\commons\commons-collections4\4.4\commons-collections4-4.4.jar;C:\Users\KALAI\.m2\repository\org\apache\commons\commons-math3\3.6.1\commons-math3-3.6.1.jar;C:\Users\KALAI\.m2\repository\com\zaxxer\SparseBitSet\1.2\SparseBitSet-1.2.jar;C:\Users\KALAI\.m2\repository\org\apache\logging\log4j\log4j-api\2.17.1\log4j-api-2.17.1.jar;C:\Users\KALAI\.m2\repository\org\apache\poi\poi-ooxml\5.2.0\poi-ooxml-5.2.0.jar;C:\Users\KALAI\.m2\repository\org\apache\poi\poi-ooxml-lite\5.2.0\poi-ooxml-lite-5.2.0.jar;C:\Users\KALAI\.m2\repository\org\apache\xmlbeans\xmlbeans\5.0.3\xmlbeans-5.0.3.jar;C:\Users\KALAI\.m2\repository\org\apache\commons\commons-compress\1.21\commons-compress-1.21.jar;C:\Users\KALAI\.m2\repository\com\github\virtuald\curvesapi\1.06\curvesapi-1.06.jar;C:\Users\KALAI\.m2\repository\com\googlecode\json-simple\json-simple\1.1.1\json-simple-1.1.1.jar;C:\Users\KALAI\.m2\repository\junit\junit\4.10\junit-4.10.jar;C:\Users\KALAI\.m2\repository\org\hamcrest\hamcrest-core\1.1\hamcrest-core-1.1.jar;C:\Users\KALAI\.m2\repository\org\testng\testng\6.14.3\testng-6.14.3.jar;C:\Users\KALAI\.m2\repository\com\beust\jcommander\1.72\jcommander-1.72.jar;C:\Users\KALAI\.m2\repository\org\apache-extras\beanshell\bsh\2.0b6\bsh-2.0b6.jar;C:\Users\KALAI\.m2\repository\com\github\yev\screenshot\0.2\screenshot-0.2.jar;C:\Users\KALAI\.m2\repository\com\github\stephenc\monte\monte-screen-recorder\0.7.7.0\monte-screen-recorder-0.7.7.0.jar;"/>
    <property name="sun.cpu.endian" value="little"/>
    <property name="user.home" value="C:\Users\KALAI"/>
    <property name="user.language" value="en"/>
    <property name="java.specification.vendor" value="Oracle Corporation"/>
    <property name="java.version.date" value="2020-10-20"/>
    <property name="java.home" value="C:\Users\KALAI\Downloads\eclipse\plugins\org.eclipse.justj.openjdk.hotspot.jre.full.win32.x86_64_15.0.1.v20201027-0507\jre"/>
    <property name="file.separator" value="\"/>
    <property name="basedir" value="D:\Salai Mathiazhagan\CTS\Workspace\DisplayBookshelves"/>
    <property name="java.vm.compressedOopsMode" value="32-bit"/>
    <property name="line.separator" value="&#10;"/>
    <property name="java.vm.specification.vendor" value="Oracle Corporation"/>
    <property name="java.specification.name" value="Java Platform API Specification"/>
    <property name="surefire.real.class.path" value="C:\Users\KALAI\AppData\Local\Temp\surefire10551334669798146575\surefirebooter876912082136027381.jar"/>
    <property name="user.script" value=""/>
    <property name="sun.management.compiler" value="HotSpot 64-Bit Tiered Compilers"/>
    <property name="java.runtime.version" value="15.0.1+9-18"/>
    <property name="user.name" value="KALAI"/>
    <property name="path.separator" value=";"/>
    <property name="os.version" value="10.0"/>
    <property name="java.runtime.name" value="OpenJDK Runtime Environment"/>
    <property name="file.encoding" value="Cp1252"/>
    <property name="java.vm.name" value="OpenJDK 64-Bit Server VM"/>
    <property name="localRepository" value="C:\Users\KALAI\.m2\repository"/>
    <property name="java.vendor.url.bug" value="https://bugreport.java.com/bugreport/"/>
    <property name="java.io.tmpdir" value="C:\Users\KALAI\AppData\Local\Temp\"/>
    <property name="java.version" value="15.0.1"/>
    <property name="user.dir" value="D:\Salai Mathiazhagan\CTS\Workspace\DisplayBookshelves"/>
    <property name="os.arch" value="amd64"/>
    <property name="java.vm.specification.name" value="Java Virtual Machine Specification"/>
    <property name="sun.os.patch.level" value=""/>
    <property name="java.library.path" value="C:\Users\KALAI\Downloads\eclipse\plugins\org.eclipse.justj.openjdk.hotspot.jre.full.win32.x86_64_15.0.1.v20201027-0507\jre\bin;C:\windows\Sun\Java\bin;C:\windows\system32;C:\windows;C:/Users/KALAI/Downloads/eclipse//plugins/org.eclipse.justj.openjdk.hotspot.jre.full.win32.x86_64_15.0.1.v20201027-0507/jre/bin/server;C:/Users/KALAI/Downloads/eclipse//plugins/org.eclipse.justj.openjdk.hotspot.jre.full.win32.x86_64_15.0.1.v20201027-0507/jre/bin;C:\Program Files (x86)\Common Files\Oracle\Java\javapath;C:\windows\system32;C:\windows;C:\windows\System32\Wbem;C:\windows\System32\WindowsPowerShell\v1.0\;C:\windows\System32\OpenSSH\;C:\Program Files\Git\cmd;C:\ProgramData\chocolatey\bin;C:\Program Files\nodejs\;C:\Program Files\Java\jdk1.8.0_181\bin;C:\Program Files\apache-maven-3.8.1-bin\apache-maven-3.8.1\bin;C:\Program Files\MySQL\MySQL Shell 8.0\bin\;C:\Users\KALAI\AppData\Local\Microsoft\WindowsApps;C:\Users\KALAI\AppData\Local\Programs\Microsoft VS Code\bin;C:\Users\KALAI\AppData\Local\Android\Sdk\platform-tools;C:\Users\KALAI\AppData\Roaming\npm;C:\Users\KALAI\AppData\Local\Android\Sdk\platform-tools;C:\Program Files\heroku\bin;C:\Program Files\PostgreSQL\13\bin;;C:\Users\KALAI\Downloads\eclipse;;."/>
    <property name="java.vm.info" value="mixed mode"/>
    <property name="java.vendor" value="Oracle Corporation"/>
    <property name="java.vm.version" value="15.0.1+9-18"/>
    <property name="sun.io.unicode.encoding" value="UnicodeLittle"/>
    <property name="java.class.version" value="59.0"/>
  </properties>
  <testcase name="testCaseReadJSON" classname="testScenarios.DisplayBookshelves" time="0.057"/>
  <testcase name="clickOnBookShelvesMenu" classname="testScenarios.DisplayBookshelves" time="3.837"/>
  <testcase name="closePopUp" classname="testScenarios.DisplayBookshelves" time="2.852"/>
  <testcase name="mouseHoverToPriceFilter" classname="testScenarios.DisplayBookshelves" time="0.685"/>
  <testcase name="waitForDragAndDropVisibility" classname="testScenarios.DisplayBookshelves" time="0.202"/>
  <testcase name="dragAndDropOfPriceFilter" classname="testScenarios.DisplayBookshelves" time="1.194"/>
  <testcase name="mouseHoverToStrogeTypFilter" classname="testScenarios.DisplayBookshelves" time="0.17"/>
  <testcase name="openAsStorageType" classname="testScenarios.DisplayBookshelves" time="0.068"/>
  <testcase name="enablingExcludeOutOfStock" classname="testScenarios.DisplayBookshelves" time="0.048"/>
  <testcase name="collectingBookShelvesList" classname="testScenarios.DisplayBookshelves" time="6.859"/>
  <testcase name="displayingBookShelves" classname="testScenarios.DisplayBookshelves" time="0.002"/>
  <testcase name="screenShotOfBookShelves" classname="testScenarios.DisplayBookshelves" time="1.063"/>
  <testcase name="mouseHoverOfBrandFilter" classname="testScenarios.DisplayBookshelves" time="0.198"/>
  <testcase name="clickOnByAtHomeAsBrand" classname="testScenarios.DisplayBookshelves" time="0.143"/>
  <testcase name="byAtHomeBookShelvesList" classname="testScenarios.DisplayBookshelves" time="0.426"/>
  <testcase name="displayingByAtHomeBookShelves" classname="testScenarios.DisplayBookshelves" time="0.311"/>
  <testcase name="screenShotOfByAtHomeBookShelves" classname="testScenarios.DisplayBookshelves" time="1.322"/>
  <testcase name="waitForGiftCardVisibility" classname="testScenarios.DisplayBookshelves" time="0.51"/>
  <testcase name="clickOnGiftCard" classname="testScenarios.DisplayBookshelves" time="3.282"/>
  <testcase name="clickOnBirthdayOrAnniversary" classname="testScenarios.DisplayBookshelves" time="0.31"/>
  <testcase name="enteringAmount" classname="testScenarios.DisplayBookshelves" time="0.561"/>
  <testcase name="clickOnNext" classname="testScenarios.DisplayBookshelves" time="0.183"/>
  <testcase name="enterRecipientName" classname="testScenarios.DisplayBookshelves" time="0.363"/>
  <testcase name="enterRecipientEmail" classname="testScenarios.DisplayBookshelves" time="0.21"/>
  <testcase name="enterCustomerName" classname="testScenarios.DisplayBookshelves" time="0.43"/>
  <testcase name="enterCustomerEmail" classname="testScenarios.DisplayBookshelves" time="0.239"/>
  <testcase name="enterCustomerMobileNumber" classname="testScenarios.DisplayBookshelves" time="0.31"/>
  <testcase name="enterMessage" classname="testScenarios.DisplayBookshelves" time="0.197"/>
  <testcase name="clickOnConfirm" classname="testScenarios.DisplayBookshelves" time="0.224"/>
  <testcase name="screenShotOfErrorMessage" classname="testScenarios.DisplayBookshelves" time="0.934"/>
  <testcase name="displayErrorMessage" classname="testScenarios.DisplayBookshelves" time="0.052"/>
</testsuite>