<?xml version="1.0" encoding="UTF-8"?>
<!-- Generated by org.testng.reporters.JUnitReportReporter -->
<testsuite hostname="LAPTOP-R8VBPGHT" failures="0" tests="31" name="testScenarios.DisplayBookshelves" time="27.230" errors="0" timestamp="28 Mar 2022 14:06:59 GMT" skipped="0">
  <testcase classname="testScenarios.DisplayBookshelves" name="testCaseReadJSON" time="0.051"/>
  <testcase classname="testScenarios.DisplayBookshelves" name="clickOnBookShelvesMenu" time="3.842"/>
  <testcase classname="testScenarios.DisplayBookshelves" name="closePopUp" time="2.853"/>
  <testcase classname="testScenarios.DisplayBookshelves" name="mouseHoverToPriceFilter" time="0.685"/>
  <testcase classname="testScenarios.DisplayBookshelves" name="waitForDragAndDropVisibility" time="0.201"/>
  <testcase classname="testScenarios.DisplayBookshelves" name="dragAndDropOfPriceFilter" time="1.193"/>
  <testcase classname="testScenarios.DisplayBookshelves" name="mouseHoverToStrogeTypFilter" time="0.170"/>
  <testcase classname="testScenarios.DisplayBookshelves" name="openAsStorageType" time="0.068"/>
  <testcase classname="testScenarios.DisplayBookshelves" name="enablingExcludeOutOfStock" time="0.048"/>
  <testcase classname="testScenarios.DisplayBookshelves" name="collectingBookShelvesList" time="6.857"/>
  <testcase classname="testScenarios.DisplayBookshelves" name="displayingBookShelves" time="0.001"/>
  <testcase classname="testScenarios.DisplayBookshelves" name="screenShotOfBookShelves" time="1.065"/>
  <testcase classname="testScenarios.DisplayBookshelves" name="mouseHoverOfBrandFilter" time="0.198"/>
  <testcase classname="testScenarios.DisplayBookshelves" name="clickOnByAtHomeAsBrand" time="0.143"/>
  <testcase classname="testScenarios.DisplayBookshelves" name="byAtHomeBookShelvesList" time="0.427"/>
  <testcase classname="testScenarios.DisplayBookshelves" name="displayingByAtHomeBookShelves" time="0.307"/>
  <testcase classname="testScenarios.DisplayBookshelves" name="screenShotOfByAtHomeBookShelves" time="1.322"/>
  <testcase classname="testScenarios.DisplayBookshelves" name="waitForGiftCardVisibility" time="0.511"/>
  <testcase classname="testScenarios.DisplayBookshelves" name="clickOnGiftCard" time="3.280"/>
  <testcase classname="testScenarios.DisplayBookshelves" name="clickOnBirthdayOrAnniversary" time="0.305"/>
  <testcase classname="testScenarios.DisplayBookshelves" name="enteringAmount" time="0.566"/>
  <testcase classname="testScenarios.DisplayBookshelves" name="clickOnNext" time="0.183"/>
  <testcase classname="testScenarios.DisplayBookshelves" name="enterRecipientName" time="0.365"/>
  <testcase classname="testScenarios.DisplayBookshelves" name="enterRecipientEmail" time="0.202"/>
  <testcase classname="testScenarios.DisplayBookshelves" name="enterCustomerName" time="0.437"/>
  <testcase classname="testScenarios.DisplayBookshelves" name="enterCustomerEmail" time="0.239"/>
  <testcase classname="testScenarios.DisplayBookshelves" name="enterCustomerMobileNumber" time="0.310"/>
  <testcase classname="testScenarios.DisplayBookshelves" name="enterMessage" time="0.196"/>
  <testcase classname="testScenarios.DisplayBookshelves" name="clickOnConfirm" time="0.221"/>
  <testcase classname="testScenarios.DisplayBookshelves" name="screenShotOfErrorMessage" time="0.936"/>
  <testcase classname="testScenarios.DisplayBookshelves" name="displayErrorMessage" time="0.048"/>
</testsuite> <!-- testScenarios.DisplayBookshelves -->
